<?xml version="1.0" encoding="UTF-8"?>
<testng-results skipped="0" failed="0" total="6" passed="6">
  <reporter-output>
    <line>
      <![CDATA[validating login with different sets of data]]>
    </line>
    <line>
      <![CDATA[validating login with different sets of data]]>
    </line>
    <line>
      <![CDATA[validating login with different sets of data]]>
    </line>
    <line>
      <![CDATA[validating login with different sets of data]]>
    </line>
    <line>
      <![CDATA[validating login with different sets of data]]>
    </line>
    <line>
      <![CDATA[validating login with different sets of data]]>
    </line>
  </reporter-output>
  <suite name="Login data testing" duration-ms="11612" started-at="2022-02-13T18:32:29Z" finished-at="2022-02-13T18:32:41Z">
    <groups>
    </groups>
    <test name="Wrong username test" duration-ms="6753" started-at="2022-02-13T18:32:29Z" finished-at="2022-02-13T18:32:36Z">
      <class name="sauceDemoTest.dataDrivenLogin">
        <test-method status="PASS" signature="testSetup()[pri:0, instance:sauceDemoTest.dataDrivenLogin@cc285f4]" name="testSetup" is-config="true" duration-ms="3528" started-at="2022-02-13T13:32:29Z" finished-at="2022-02-13T13:32:33Z">
          <reporter-output>
          </reporter-output>
        </test-method> <!-- testSetup -->
        <test-method status="PASS" signature="LoginTest(java.lang.String, java.lang.String, java.lang.String)[pri:0, instance:sauceDemoTest.dataDrivenLogin@cc285f4]" name="LoginTest" duration-ms="1289" started-at="2022-02-13T13:32:33Z" finished-at="2022-02-13T13:32:34Z">
          <params>
            <param index="0">
              <value>
                <![CDATA[wrongusername]]>
              </value>
            </param>
            <param index="1">
              <value>
                <![CDATA[secret_sauce]]>
              </value>
            </param>
            <param index="2">
              <value>
                <![CDATA[https://www.saucedemo.com/]]>
              </value>
            </param>
          </params>
          <reporter-output>
            <line>
              <![CDATA[validating login with different sets of data]]>
            </line>
          </reporter-output>
        </test-method> <!-- LoginTest -->
        <test-method status="PASS" signature="endTest()[pri:0, instance:sauceDemoTest.dataDrivenLogin@cc285f4]" name="endTest" is-config="true" duration-ms="1931" started-at="2022-02-13T13:32:34Z" finished-at="2022-02-13T13:32:36Z">
          <reporter-output>
          </reporter-output>
        </test-method> <!-- endTest -->
      </class> <!-- sauceDemoTest.dataDrivenLogin -->
    </test> <!-- Wrong username test -->
    <test name="Problem user testing" duration-ms="6753" started-at="2022-02-13T18:32:29Z" finished-at="2022-02-13T18:32:36Z">
      <class name="sauceDemoTest.dataDrivenLogin">
        <test-method status="PASS" signature="testSetup()[pri:0, instance:sauceDemoTest.dataDrivenLogin@51565ec2]" name="testSetup" is-config="true" duration-ms="3423" started-at="2022-02-13T13:32:29Z" finished-at="2022-02-13T13:32:33Z">
          <reporter-output>
          </reporter-output>
        </test-method> <!-- testSetup -->
        <test-method status="PASS" signature="LoginTest(java.lang.String, java.lang.String, java.lang.String)[pri:0, instance:sauceDemoTest.dataDrivenLogin@51565ec2]" name="LoginTest" duration-ms="1294" started-at="2022-02-13T13:32:33Z" finished-at="2022-02-13T13:32:34Z">
          <params>
            <param index="0">
              <value>
                <![CDATA[problem_user]]>
              </value>
            </param>
            <param index="1">
              <value>
                <![CDATA[secret_sauce]]>
              </value>
            </param>
            <param index="2">
              <value>
                <![CDATA[https://www.saucedemo.com/inventory.html]]>
              </value>
            </param>
          </params>
          <reporter-output>
            <line>
              <![CDATA[validating login with different sets of data]]>
            </line>
          </reporter-output>
        </test-method> <!-- LoginTest -->
        <test-method status="PASS" signature="endTest()[pri:0, instance:sauceDemoTest.dataDrivenLogin@51565ec2]" name="endTest" is-config="true" duration-ms="2018" started-at="2022-02-13T13:32:34Z" finished-at="2022-02-13T13:32:36Z">
          <reporter-output>
          </reporter-output>
        </test-method> <!-- endTest -->
      </class> <!-- sauceDemoTest.dataDrivenLogin -->
    </test> <!-- Problem user testing -->
    <test name="Negative testing" duration-ms="6753" started-at="2022-02-13T18:32:29Z" finished-at="2022-02-13T18:32:36Z">
      <class name="sauceDemoTest.dataDrivenLogin">
        <test-method status="PASS" signature="testSetup()[pri:0, instance:sauceDemoTest.dataDrivenLogin@7c16905e]" name="testSetup" is-config="true" duration-ms="3565" started-at="2022-02-13T13:32:29Z" finished-at="2022-02-13T13:32:33Z">
          <reporter-output>
          </reporter-output>
        </test-method> <!-- testSetup -->
        <test-method status="PASS" signature="LoginTest(java.lang.String, java.lang.String, java.lang.String)[pri:0, instance:sauceDemoTest.dataDrivenLogin@7c16905e]" name="LoginTest" duration-ms="1238" started-at="2022-02-13T13:32:33Z" finished-at="2022-02-13T13:32:34Z">
          <params>
            <param index="0">
              <value>
                <![CDATA[locked_out_user]]>
              </value>
            </param>
            <param index="1">
              <value>
                <![CDATA[secret_sauce]]>
              </value>
            </param>
            <param index="2">
              <value>
                <![CDATA[https://www.saucedemo.com/]]>
              </value>
            </param>
          </params>
          <reporter-output>
            <line>
              <![CDATA[validating login with different sets of data]]>
            </line>
          </reporter-output>
        </test-method> <!-- LoginTest -->
        <test-method status="PASS" signature="endTest()[pri:0, instance:sauceDemoTest.dataDrivenLogin@7c16905e]" name="endTest" is-config="true" duration-ms="1947" started-at="2022-02-13T13:32:34Z" finished-at="2022-02-13T13:32:36Z">
          <reporter-output>
          </reporter-output>
        </test-method> <!-- endTest -->
      </class> <!-- sauceDemoTest.dataDrivenLogin -->
    </test> <!-- Negative testing -->
    <test name="positive testing" duration-ms="6982" started-at="2022-02-13T18:32:29Z" finished-at="2022-02-13T18:32:36Z">
      <class name="sauceDemoTest.dataDrivenLogin">
        <test-method status="PASS" signature="testSetup()[pri:0, instance:sauceDemoTest.dataDrivenLogin@215be6bb]" name="testSetup" is-config="true" duration-ms="3992" started-at="2022-02-13T13:32:29Z" finished-at="2022-02-13T13:32:33Z">
          <reporter-output>
          </reporter-output>
        </test-method> <!-- testSetup -->
        <test-method status="PASS" signature="LoginTest(java.lang.String, java.lang.String, java.lang.String)[pri:0, instance:sauceDemoTest.dataDrivenLogin@215be6bb]" name="LoginTest" duration-ms="1223" started-at="2022-02-13T13:32:33Z" finished-at="2022-02-13T13:32:35Z">
          <params>
            <param index="0">
              <value>
                <![CDATA[standard_user]]>
              </value>
            </param>
            <param index="1">
              <value>
                <![CDATA[secret_sauce]]>
              </value>
            </param>
            <param index="2">
              <value>
                <![CDATA[https://www.saucedemo.com/inventory.html]]>
              </value>
            </param>
          </params>
          <reporter-output>
            <line>
              <![CDATA[validating login with different sets of data]]>
            </line>
          </reporter-output>
        </test-method> <!-- LoginTest -->
        <test-method status="PASS" signature="endTest()[pri:0, instance:sauceDemoTest.dataDrivenLogin@215be6bb]" name="endTest" is-config="true" duration-ms="1763" started-at="2022-02-13T13:32:35Z" finished-at="2022-02-13T13:32:36Z">
          <reporter-output>
          </reporter-output>
        </test-method> <!-- endTest -->
      </class> <!-- sauceDemoTest.dataDrivenLogin -->
    </test> <!-- positive testing -->
    <test name="Wrong username test two" duration-ms="3865" started-at="2022-02-13T18:32:36Z" finished-at="2022-02-13T18:32:40Z">
      <class name="sauceDemoTest.dataDrivenLogin">
        <test-method status="PASS" signature="testSetup()[pri:0, instance:sauceDemoTest.dataDrivenLogin@475530b9]" name="testSetup" is-config="true" duration-ms="1698" started-at="2022-02-13T13:32:36Z" finished-at="2022-02-13T13:32:38Z">
          <reporter-output>
          </reporter-output>
        </test-method> <!-- testSetup -->
        <test-method status="PASS" signature="LoginTest(java.lang.String, java.lang.String, java.lang.String)[pri:0, instance:sauceDemoTest.dataDrivenLogin@475530b9]" name="LoginTest" duration-ms="339" started-at="2022-02-13T13:32:38Z" finished-at="2022-02-13T13:32:38Z">
          <params>
            <param index="0">
              <value>
                <![CDATA[wrongusernametwo]]>
              </value>
            </param>
            <param index="1">
              <value>
                <![CDATA[secret_sauce]]>
              </value>
            </param>
            <param index="2">
              <value>
                <![CDATA[https://www.saucedemo.com/]]>
              </value>
            </param>
          </params>
          <reporter-output>
            <line>
              <![CDATA[validating login with different sets of data]]>
            </line>
          </reporter-output>
        </test-method> <!-- LoginTest -->
        <test-method status="PASS" signature="endTest()[pri:0, instance:sauceDemoTest.dataDrivenLogin@475530b9]" name="endTest" is-config="true" duration-ms="1826" started-at="2022-02-13T13:32:38Z" finished-at="2022-02-13T13:32:40Z">
          <reporter-output>
          </reporter-output>
        </test-method> <!-- endTest -->
      </class> <!-- sauceDemoTest.dataDrivenLogin -->
    </test> <!-- Wrong username test two -->
    <test name="Performance issue user testing" duration-ms="11612" started-at="2022-02-13T18:32:29Z" finished-at="2022-02-13T18:32:41Z">
      <class name="sauceDemoTest.dataDrivenLogin">
        <test-method status="PASS" signature="testSetup()[pri:0, instance:sauceDemoTest.dataDrivenLogin@5c7fa833]" name="testSetup" is-config="true" duration-ms="3625" started-at="2022-02-13T13:32:29Z" finished-at="2022-02-13T13:32:33Z">
          <reporter-output>
          </reporter-output>
        </test-method> <!-- testSetup -->
        <test-method status="PASS" signature="LoginTest(java.lang.String, java.lang.String, java.lang.String)[pri:0, instance:sauceDemoTest.dataDrivenLogin@5c7fa833]" name="LoginTest" duration-ms="6202" started-at="2022-02-13T13:32:33Z" finished-at="2022-02-13T13:32:39Z">
          <params>
            <param index="0">
              <value>
                <![CDATA[performance_glitch_user]]>
              </value>
            </param>
            <param index="1">
              <value>
                <![CDATA[secret_sauce]]>
              </value>
            </param>
            <param index="2">
              <value>
                <![CDATA[https://www.saucedemo.com/inventory.html]]>
              </value>
            </param>
          </params>
          <reporter-output>
            <line>
              <![CDATA[validating login with different sets of data]]>
            </line>
          </reporter-output>
        </test-method> <!-- LoginTest -->
        <test-method status="PASS" signature="endTest()[pri:0, instance:sauceDemoTest.dataDrivenLogin@5c7fa833]" name="endTest" is-config="true" duration-ms="1780" started-at="2022-02-13T13:32:39Z" finished-at="2022-02-13T13:32:41Z">
          <reporter-output>
          </reporter-output>
        </test-method> <!-- endTest -->
      </class> <!-- sauceDemoTest.dataDrivenLogin -->
    </test> <!-- Performance issue user testing -->
  </suite> <!-- Login data testing -->
</testng-results>
