<?xml version="1.0" encoding="UTF-8"?>
<!-- Generated by org.testng.reporters.JUnitXMLReporter -->
<testsuite hostname="DESKTOP-E69K95O" name="Default test" tests="3" failures="0" timestamp="13 Feb 2022 16:58:45 GMT" time="9.947" errors="0">
  <testcase name="loginTest" time="0.366" classname="sauceDemoTest.endToEnd"/>
  <testcase name="addProduct" time="0.324" classname="sauceDemoTest.endToEnd"/>
  <testcase name="checkoutProcess" time="2.548" classname="sauceDemoTest.endToEnd"/>
</testsuite> <!-- Default test -->
