<?xml version="1.0" encoding="UTF-8"?>
<!-- Generated by org.testng.reporters.JUnitXMLReporter -->
<testsuite hostname="DESKTOP-E69K95O" name="sample tests" tests="5" failures="1" timestamp="13 Feb 2022 17:23:32 GMT" time="17.35" errors="0">
  <testcase name="loginTest" time="0.458" classname="sauceDemoTest.endToEnd"/>
  <testcase name="addProduct" time="0.267" classname="sauceDemoTest.endToEnd"/>
  <testcase name="checkoutProcess" time="2.529" classname="sauceDemoTest.endToEnd"/>
  <testcase name="positiveLogin" time="0.524" classname="sauceDemoTest.loginActionValidation"/>
  <testcase name="negativeLogin" time="0.242" classname="sauceDemoTest.loginActionValidation">
    <failure type="junit.framework.ComparisonFailure" message="expected:&amp;lt;...s://www.saucedemo.co[m]/&amp;gt; but was:&amp;lt;...s://www.saucedemo.co[]/&amp;gt;">
      <![CDATA[junit.framework.ComparisonFailure: expected:<...s://www.saucedemo.co[m]/> but was:<...s://www.saucedemo.co[]/>
	at junit.framework.Assert.assertEquals(Assert.java:100)
	at junit.framework.Assert.assertEquals(Assert.java:107)
	at sauceDemoTest.loginActionValidation.negativeLogin(loginActionValidation.java:97)
... Removed 24 stack frames]]>
    </failure>
  </testcase> <!-- negativeLogin -->
</testsuite> <!-- sample tests -->
